2025-03-18T16:37:40.320Z - Solicitud: GET /
2025-03-18T16:37:42.640Z - Solicitud: GET /
2025-03-18T16:37:43.257Z - Solicitud: GET /
2025-03-18T16:37:43.468Z - Solicitud: GET /
2025-03-18T16:37:43.662Z - Solicitud: GET /
2025-03-18T16:37:48.704Z - Solicitud: GET /products
2025-03-18T16:37:53.376Z - Solicitud: GET /products
2025-03-18T16:37:53.960Z - Solicitud: GET /products
2025-03-18T16:37:56.059Z - Solicitud: GET /
2025-03-18T16:45:32.063Z - Solicitud: GET /
2025-03-18T16:45:32.166Z - Solicitud: GET /products
2025-03-18T16:45:38.967Z - Solicitud: GET /
2025-03-18T16:45:39.030Z - Solicitud: GET /products
2025-03-18T16:45:46.912Z - Solicitud: POST /products
2025-03-18T16:45:46.914Z - Producto creado: papas
2025-03-18T16:45:48.840Z - Solicitud: GET /products
2025-03-18T16:45:53.221Z - Solicitud: GET /
2025-03-18T16:45:53.276Z - Solicitud: GET /products
2025-03-18T16:52:00.778Z - Solicitud: GET /
2025-03-18T16:52:04.609Z - Solicitud: GET /
2025-03-18T16:52:59.295Z - Solicitud: GET /
2025-03-18T16:53:18.665Z - Solicitud: GET /products
2025-03-18T16:54:27.999Z - Solicitud: GET /products
2025-03-18T16:55:00.566Z - Solicitud: POST /products
2025-03-18T16:55:00.568Z - Producto creado: Producto 3
2025-03-18T16:55:09.834Z - Solicitud: GET /products
2025-03-18T16:55:10.486Z - Solicitud: GET /products
2025-03-18T17:03:07.717Z - Solicitud: GET /products
2025-03-18T17:05:28.198Z - Solicitud: GET /
2025-03-18T17:05:28.313Z - Solicitud: GET /static/styles.css
2025-03-18T17:05:28.314Z - Solicitud: GET /static/scripts.js
2025-03-18T17:05:28.371Z - Solicitud: GET /api/products
2025-03-18T17:05:28.461Z - Solicitud: GET /favicon.ico
2025-03-18T17:05:31.091Z - Solicitud: GET /
2025-03-18T17:05:31.132Z - Solicitud: GET /static/styles.css
2025-03-18T17:05:31.134Z - Solicitud: GET /static/scripts.js
2025-03-18T17:05:31.171Z - Solicitud: GET /api/products
2025-03-18T17:05:32.402Z - Solicitud: GET /
2025-03-18T17:05:32.447Z - Solicitud: GET /static/styles.css
2025-03-18T17:05:32.449Z - Solicitud: GET /static/scripts.js
2025-03-18T17:05:32.476Z - Solicitud: GET /api/products
2025-03-18T17:05:33.561Z - Solicitud: GET /
2025-03-18T17:05:33.605Z - Solicitud: GET /static/styles.css
2025-03-18T17:05:33.607Z - Solicitud: GET /static/scripts.js
2025-03-18T17:05:33.637Z - Solicitud: GET /api/products
2025-03-18T17:05:34.006Z - Solicitud: GET /
2025-03-18T17:05:34.044Z - Solicitud: GET /static/styles.css
2025-03-18T17:05:34.045Z - Solicitud: GET /static/scripts.js
2025-03-18T17:05:34.066Z - Solicitud: GET /api/products
2025-03-18T17:05:34.179Z - Solicitud: GET /
2025-03-18T17:05:34.228Z - Solicitud: GET /static/styles.css
2025-03-18T17:05:34.228Z - Solicitud: GET /static/scripts.js
2025-03-18T17:05:34.251Z - Solicitud: GET /api/products
2025-03-18T17:05:34.411Z - Solicitud: GET /
2025-03-18T17:05:34.455Z - Solicitud: GET /static/styles.css
2025-03-18T17:05:34.455Z - Solicitud: GET /static/scripts.js
2025-03-18T17:05:34.476Z - Solicitud: GET /api/products
2025-03-18T17:05:34.627Z - Solicitud: GET /
2025-03-18T17:05:34.666Z - Solicitud: GET /static/styles.css
2025-03-18T17:05:34.667Z - Solicitud: GET /static/scripts.js
2025-03-18T17:05:34.695Z - Solicitud: GET /api/products
2025-03-18T17:05:34.843Z - Solicitud: GET /
2025-03-18T17:05:34.882Z - Solicitud: GET /static/styles.css
2025-03-18T17:05:34.883Z - Solicitud: GET /static/scripts.js
2025-03-18T17:05:34.905Z - Solicitud: GET /api/products
2025-03-18T17:05:35.045Z - Solicitud: GET /
2025-03-18T17:05:35.089Z - Solicitud: GET /static/styles.css
2025-03-18T17:05:35.090Z - Solicitud: GET /static/scripts.js
2025-03-18T17:05:35.109Z - Solicitud: GET /api/products
2025-03-18T17:05:35.261Z - Solicitud: GET /
2025-03-18T17:05:35.311Z - Solicitud: GET /static/styles.css
2025-03-18T17:05:35.312Z - Solicitud: GET /static/scripts.js
2025-03-18T17:05:35.335Z - Solicitud: GET /api/products
2025-03-18T17:05:49.905Z - Solicitud: POST /api/products
2025-03-18T17:05:49.906Z - Producto creado: lomas turbas
2025-03-18T17:05:52.039Z - Solicitud: GET /api/products
2025-03-18T17:06:15.282Z - Solicitud: POST /api/products
2025-03-18T17:06:15.282Z - Producto creado: producto 1
2025-03-18T17:06:17.128Z - Solicitud: GET /api/products
2025-03-18T17:12:27.823Z - Solicitud: POST /products
2025-03-18T17:19:20.015Z - Solicitud: GET /
2025-03-18T17:19:20.098Z - Solicitud: GET /static/styles.css
2025-03-18T17:19:20.099Z - Solicitud: GET /static/scripts.js
2025-03-18T17:19:20.142Z - Solicitud: GET /api/products
2025-03-18T17:19:52.246Z - Solicitud: POST /api/products
2025-03-18T17:19:52.247Z - Producto creado: notas 
2025-03-18T17:19:53.390Z - Solicitud: GET /api/products
2025-03-18T17:54:08.193Z - Solicitud: GET /
2025-03-18T17:54:08.262Z - Solicitud: GET /static/styles.css
2025-03-18T17:54:08.268Z - Solicitud: GET /static/scripts.js
2025-03-18T17:54:08.327Z - Solicitud: GET /api/products
2025-03-18T17:54:08.356Z - Solicitud: GET /favicon.ico
2025-03-18T17:54:10.942Z - Solicitud: GET /
2025-03-18T17:54:11.020Z - Solicitud: GET /static/styles.css
2025-03-18T17:54:11.021Z - Solicitud: GET /static/scripts.js
2025-03-18T17:54:11.059Z - Solicitud: GET /api/products
2025-03-18T17:54:18.666Z - Solicitud: POST /api/products
2025-03-18T17:54:18.669Z - Producto creado: papas
2025-03-18T17:54:20.030Z - Solicitud: GET /api/products
2025-03-18T17:56:11.358Z - Solicitud: PUT /api/products/1
2025-03-18T17:56:11.359Z - Producto actualizado: sd
2025-03-18T17:56:13.030Z - Solicitud: GET /api/products
2025-03-18T17:58:29.744Z - Solicitud: DELETE /api/products/1
2025-03-18T17:58:29.744Z - Producto eliminado: sd
2025-03-18T17:58:31.362Z - Solicitud: GET /api/products
2025-03-18T17:58:33.378Z - Solicitud: DELETE /api/products/2
2025-03-18T17:58:33.379Z - Producto eliminado: Producto 2
2025-03-18T17:58:33.524Z - Solicitud: GET /api/products
2025-03-18T17:58:35.099Z - Solicitud: DELETE /api/products/3
2025-03-18T17:58:35.099Z - Producto eliminado: papas
2025-03-18T17:58:35.241Z - Solicitud: GET /api/products
2025-03-18T17:58:39.339Z - Solicitud: POST /api/products
2025-03-18T17:58:39.340Z - Producto creado: papas
2025-03-18T17:58:41.579Z - Solicitud: GET /api/products
2025-03-18T18:13:30.868Z - Solicitud: GET /
2025-03-18T18:13:30.940Z - Solicitud: GET /static/styles.css
2025-03-18T18:13:30.942Z - Solicitud: GET /static/scripts.js
2025-03-18T18:13:30.986Z - Solicitud: GET /api/products
2025-03-18T18:13:31.023Z - Solicitud: GET /favicon.ico
